<?xml version="1.0" encoding="UTF-8"?>
<!-- Generated by org.testng.reporters.JUnitReportReporter -->
<testsuite skipped="0" hostname="DESKTOP-HQ8D4NL" name="dataDriven.excelDataProvider.dataProvide" tests="3" failures="0" timestamp="30 Apr 2022 06:39:50 GMT" time="0.012" errors="0">
  <testcase name="testCaseData" time="0.002" classname="dataDriven.excelDataProvider.dataProvide"/>
  <testcase name="testCaseData" time="0.009" classname="dataDriven.excelDataProvider.dataProvide"/>
  <testcase name="testCaseData" time="0.001" classname="dataDriven.excelDataProvider.dataProvide"/>
</testsuite> <!-- dataDriven.excelDataProvider.dataProvide -->
